[14/Mar/2026 20:12:07] "GET /api/v1/admin/specialties/ HTTP/1.1" 200 476
[14/Mar/2026 20:12:07] "POST /api/v1/admin/specialties/ HTTP/1.1" 201 157
[14/Mar/2026 20:12:07] "GET /api/v1/admin/specialties/?search=Verify%20Specialty%204f9f3e82 HTTP/1.1" 200 159
[14/Mar/2026 20:12:07] "GET /api/v1/admin/specialties/5/ HTTP/1.1" 200 157
[14/Mar/2026 20:12:07] "PATCH /api/v1/admin/specialties/5/ HTTP/1.1" 200 155
[14/Mar/2026 20:12:07] "DELETE /api/v1/admin/specialties/5/ HTTP/1.1" 204 0
[14/Mar/2026 20:12:07] "POST /api/v1/admin/specialties/ HTTP/1.1" 201 151
[14/Mar/2026 20:12:07] "POST /api/v1/admin/doctors/ HTTP/1.1" 201 234
[14/Mar/2026 20:12:07] "GET /api/v1/admin/doctors/?specialty_id=6 HTTP/1.1" 200 236
[14/Mar/2026 20:12:07] "GET /api/v1/admin/doctors/5/ HTTP/1.1" 200 234
[14/Mar/2026 20:12:07] "PATCH /api/v1/admin/doctors/5/ HTTP/1.1" 200 214
[14/Mar/2026 20:12:07] "DELETE /api/v1/admin/doctors/5/ HTTP/1.1" 204 0
[14/Mar/2026 20:12:08] "DELETE /api/v1/admin/specialties/6/ HTTP/1.1" 204 0
[14/Mar/2026 20:12:08] "POST /api/v1/admin/specialties/ HTTP/1.1" 201 161
[14/Mar/2026 20:12:08] "POST /api/v1/admin/doctors/ HTTP/1.1" 201 249
[14/Mar/2026 20:12:08] "POST /api/v1/public/appointments/guest/ HTTP/1.1" 201 438
[14/Mar/2026 20:12:08] "GET /api/v1/reception/appointments/?doctor_id=6&status=PENDING HTTP/1.1" 200 440
[14/Mar/2026 20:12:08] "GET /api/v1/reception/appointments/APT-2026-9893/ HTTP/1.1" 200 438
[14/Mar/2026 20:12:08] "PATCH /api/v1/reception/appointments/APT-2026-9893/ HTTP/1.1" 200 440
[14/Mar/2026 20:12:08] "DELETE /api/v1/reception/appointments/APT-2026-9893/ HTTP/1.1" 204 0
[14/Mar/2026 20:12:08] "GET /api/v1/reception/appointments/?doctor_id=6 HTTP/1.1" 200 2
